#
# A fatal error has been detected by the Java Runtime Environment:
#
#  EXCEPTION_ACCESS_VIOLATION (0xc0000005) at pc=0x0000000003d82314, pid=32724, tid=0x0000000000003f6c
#
# JRE version: Java(TM) SE Runtime Environment (8.0_201-b09) (build 1.8.0_201-b09)
# Java VM: Java HotSpot(TM) 64-Bit Server VM (25.201-b09 mixed mode windows-amd64 compressed oops)
# Problematic frame:
# J 2971% C2 wbif.sjx.MIA.Module.InputOutput.VideoLoader.getFFMPEGVideo(Ljava/lang/String;Ljava/lang/String;Ljava/lang/String;[I)Lwbif/sjx/MIA/Object/Image; (228 bytes) @ 0x0000000003d82314 [0x0000000003d82020+0x2f4]
#
# Failed to write core dump. Minidumps are not enabled by default on client versions of Windows
#
# If you would like to submit a bug report, please visit:
#   http://bugreport.java.com/bugreport/crash.jsp
#

---------------  T H R E A D  ---------------

Current thread (0x000000002b699800):  JavaThread "Thread-4" [_thread_in_Java, id=16236, stack(0x000000003aeb0000,0x000000003afb0000)]

siginfo: ExceptionCode=0xc0000005, reading address 0x000000003bab28dc

Registers:
RAX=0x0000000715a1c278, RBX=0x0000000723e3f388, RCX=0x00000000e47c83b7, RDX=0x0000000723834b48
RSP=0x000000003afaf020, RBP=0x0000000000000000, RSI=0x0000000000159d2a, RDI=0x0000000000000001
R8 =0x000000000000085c, R9 =0x000000000000085c, R10=0x00000000e47c8513, R11=0x000000003bab2080
R12=0x0000000000000000, R13=0x0000000003d81e10, R14=0x000000003afaf0d0, R15=0x000000002b699800
RIP=0x0000000003d82314, EFLAGS=0x0000000000010283

Top of Stack: (sp=0x000000003afaf020)
0x000000003afaf020:   000000003afaf0d0 0000000037640c80
0x000000003afaf030:   000000003aa07af0 0000000037286f08
0x000000003afaf040:   0000000723834b28 0000000000000001
0x000000003afaf050:   0000000200000001 0000000723834b28
0x000000003afaf060:   00000000000002c9 0000000723834b48
0x000000003afaf070:   4032000000000000 0000000100000002
0x000000003afaf080:   deaddeaf00000001 000000071e8fa8c0
0x000000003afaf090:   000000071e70f7a8 0000000000000000
0x000000003afaf0a0:   000000003afaf120 00000000033880e0
0x000000003afaf0b0:   0000000000000000 0000000000000000
0x000000003afaf0c0:   0000000000000000 0000000000000000
0x000000003afaf0d0:   0000000000000000 0000000725318bd8
0x000000003afaf0e0:   000000003afaf0e0 0000000037287942
0x000000003afaf0f0:   000000003afaf220 0000000037640c80
0x000000003afaf100:   0000000000000000 0000000037287bf8
0x000000003afaf110:   000000003afaf0b8 000000003afaf218 

Instructions: (pc=0x0000000003d82314)
0x0000000003d822f4:   45 8b 5a 1c 45 3b cb 0f 8d 80 07 00 00 4d 8b 5a
0x0000000003d82304:   10 4c 8b 54 24 48 45 8b 92 80 00 00 00 4d 63 c1
0x0000000003d82314:   47 0f b6 1c 03 c4 c1 7b 2a c3 47 8b 44 d4 20 45
0x0000000003d82324:   85 c0 0f 84 ad 07 00 00 4c 8b 54 24 48 41 8b 4a 


Register to memory mapping:

RAX=0x0000000715a1c278 is an oop
[J 
 - klass: {type array long}
 - length: 3
RBX=0x0000000723e3f388 is an oop
ij.process.ByteProcessor 
 - klass: 'ij/process/ByteProcessor'
RCX=0x00000000e47c83b7 is an unknown value
RDX=0x0000000723834b48 is an oop
ij.CompositeImage 
 - klass: 'ij/CompositeImage'
RSP=0x000000003afaf020 is pointing into the stack for thread: 0x000000002b699800
RBP=0x0000000000000000 is an unknown value
RSI=0x0000000000159d2a is an unknown value
RDI=0x0000000000000001 is an unknown value
R8 =0x000000000000085c is an unknown value
R9 =0x000000000000085c is an unknown value
R10=0x00000000e47c8513 is an unknown value
R11=0x000000003bab2080 is an unknown value
R12=0x0000000000000000 is an unknown value
R13=0x0000000003d81e10 is at entry_point+-528 in (nmethod*)0x0000000003d81e10
R14=0x000000003afaf0d0 is pointing into the stack for thread: 0x000000002b699800
R15=0x000000002b699800 is a thread


Stack: [0x000000003aeb0000,0x000000003afb0000],  sp=0x000000003afaf020,  free space=1020k
Native frames: (J=compiled Java code, j=interpreted, Vv=VM code, C=native code)


---------------  P R O C E S S  ---------------

Java Threads: ( => current thread )
  0x000000002b69a000 JavaThread "JavaCPP Deallocator" daemon [_thread_blocked, id=11856, stack(0x000000003b2b0000,0x000000003b3b0000)]
=>0x000000002b699800 JavaThread "Thread-4" [_thread_in_Java, id=16236, stack(0x000000003aeb0000,0x000000003afb0000)]
  0x000000002b69b000 JavaThread "TimerQueue" daemon [_thread_blocked, id=21456, stack(0x0000000036f40000,0x0000000037040000)]
  0x000000002b698800 JavaThread "DestroyJavaVM" [_thread_blocked, id=20600, stack(0x0000000003030000,0x0000000003130000)]
  0x000000002ad78800 JavaThread "D3D Screen Updater" daemon [_thread_blocked, id=42388, stack(0x0000000036140000,0x0000000036240000)]
  0x0000000029fd0800 JavaThread "Image Animator 3" daemon [_thread_blocked, id=38192, stack(0x0000000033fb0000,0x00000000340b0000)]
  0x000000002ad2b800 JavaThread "AWT-EventQueue-0" [_thread_blocked, id=43608, stack(0x0000000033eb0000,0x0000000033fb0000)]
  0x0000000029eb1800 JavaThread "AWT-Windows" daemon [_thread_in_native, id=43928, stack(0x000000002bce0000,0x000000002bde0000)]
  0x000000002ac7f800 JavaThread "AWT-Shutdown" [_thread_blocked, id=27420, stack(0x000000002bbe0000,0x000000002bce0000)]
  0x000000002ac7e800 JavaThread "Java2D Disposer" daemon [_thread_blocked, id=32092, stack(0x000000002a9b0000,0x000000002aab0000)]
  0x0000000028316000 JavaThread "Service Thread" daemon [_thread_blocked, id=20628, stack(0x0000000028fe0000,0x00000000290e0000)]
  0x0000000028286000 JavaThread "C1 CompilerThread3" daemon [_thread_blocked, id=21820, stack(0x0000000028ee0000,0x0000000028fe0000)]
  0x000000002827a000 JavaThread "C2 CompilerThread2" daemon [_thread_blocked, id=43476, stack(0x0000000028de0000,0x0000000028ee0000)]
  0x0000000028275800 JavaThread "C2 CompilerThread1" daemon [_thread_blocked, id=25080, stack(0x0000000028ce0000,0x0000000028de0000)]
  0x000000002826d000 JavaThread "C2 CompilerThread0" daemon [_thread_blocked, id=21152, stack(0x0000000028be0000,0x0000000028ce0000)]
  0x0000000028222800 JavaThread "Monitor Ctrl-Break" daemon [_thread_in_native, id=37256, stack(0x0000000028ae0000,0x0000000028be0000)]
  0x0000000028212000 JavaThread "Attach Listener" daemon [_thread_blocked, id=20404, stack(0x00000000289e0000,0x0000000028ae0000)]
  0x0000000028211000 JavaThread "Signal Dispatcher" daemon [_thread_blocked, id=25792, stack(0x00000000288e0000,0x00000000289e0000)]
  0x0000000026413800 JavaThread "Finalizer" daemon [_thread_blocked, id=22628, stack(0x00000000286e0000,0x00000000287e0000)]
  0x000000002640c800 JavaThread "Reference Handler" daemon [_thread_blocked, id=8532, stack(0x00000000285e0000,0x00000000286e0000)]

Other Threads:
  0x0000000026408000 VMThread [stack: 0x00000000280e0000,0x00000000281e0000] [id=19724]
  0x0000000028330000 WatcherThread [stack: 0x00000000290e0000,0x00000000291e0000] [id=37012]

VM state:not at safepoint (normal execution)

VM Mutex/Monitor currently owned by a thread: None

heap address: 0x00000005c0e00000, size: 8178 MB, Compressed Oops mode: Zero based, Oop shift amount: 3
Narrow klass base: 0x0000000000000000, Narrow klass shift: 3
Compressed class space size: 1073741824 Address: 0x00000007c0000000

Heap:
 PSYoungGen      total 248832K, used 28687K [0x0000000715a00000, 0x000000072fc80000, 0x00000007c0000000)
  eden space 227328K, 3% used [0x0000000715a00000,0x00000007161aada8,0x0000000723800000)
  from space 21504K, 96% used [0x0000000723800000,0x0000000724c59248,0x0000000724d00000)
  to   space 22016K, 0% used [0x000000072e700000,0x000000072e700000,0x000000072fc80000)
 ParOldGen       total 160768K, used 16579K [0x00000005c0e00000, 0x00000005cab00000, 0x0000000715a00000)
  object space 160768K, 10% used [0x00000005c0e00000,0x00000005c1e30ec8,0x00000005cab00000)
 Metaspace       used 26338K, capacity 26692K, committed 27264K, reserved 1073152K
  class space    used 3253K, capacity 3333K, committed 3456K, reserved 1048576K

Card table byte_map: [0x0000000012740000,0x0000000013740000] byte_map_base: 0x000000000f939000

Marking Bits: (ParMarkBitMap*) 0x0000000061764ce0
 Begin Bits: [0x00000000149f0000, 0x000000001c9b8000)
 End Bits:   [0x000000001c9b8000, 0x0000000024980000)

Polling page: 0x0000000001260000

CodeCache: size=245760Kb used=10220Kb max_used=10232Kb free=235539Kb
 bounds [0x0000000003380000, 0x0000000003d90000, 0x0000000012380000]
 total_blobs=3614 nmethods=2973 adapters=553
 compilation: enabled

Compilation events (10 events):
Event: 6.487 Thread 0x0000000028286000 nmethod 2967% 0x0000000003d7d690 code [0x0000000003d7dac0, 0x0000000003d7ff58]
Event: 6.491 Thread 0x000000002827a000 nmethod 2969 0x0000000003d74290 code [0x0000000003d744c0, 0x0000000003d74e68]
Event: 6.491 Thread 0x0000000028275800 2971 % !   4       wbif.sjx.MIA.Module.InputOutput.VideoLoader::getFFMPEGVideo @ 117 (228 bytes)
Event: 6.504 Thread 0x0000000028275800 nmethod 2971% 0x0000000003d81e10 code [0x0000000003d82020, 0x0000000003d83288]
Event: 6.514 Thread 0x0000000028286000 2972       3       sun.java2d.SunGraphics2D::setDevClip (45 bytes)
Event: 6.514 Thread 0x0000000028286000 nmethod 2972 0x0000000003d71c10 code [0x0000000003d71de0, 0x0000000003d72798]
Event: 6.514 Thread 0x0000000028286000 2973       1       java.awt.AlphaComposite::getAlpha (5 bytes)
Event: 6.515 Thread 0x000000002826d000 2974       4       java.util.concurrent.ConcurrentHashMap::get (162 bytes)
Event: 6.515 Thread 0x0000000028286000 nmethod 2973 0x0000000003d71950 code [0x0000000003d71aa0, 0x0000000003d71bb0]
Event: 6.517 Thread 0x000000002826d000 nmethod 2974 0x0000000003d6ff90 code [0x0000000003d700e0, 0x0000000003d703b8]

GC Heap History (10 events):
Event: 1.923 GC heap before
{Heap before GC invocations=2 (full 0):
 PSYoungGen      total 153088K, used 26913K [0x0000000715a00000, 0x0000000720480000, 0x00000007c0000000)
  eden space 131584K, 12% used [0x0000000715a00000,0x00000007169734a0,0x000000071da80000)
  from space 21504K, 51% used [0x000000071da80000,0x000000071e555080,0x000000071ef80000)
  to   space 21504K, 0% used [0x000000071ef80000,0x000000071ef80000,0x0000000720480000)
 ParOldGen       total 349696K, used 24K [0x00000005c0e00000, 0x00000005d6380000, 0x0000000715a00000)
  object space 349696K, 0% used [0x00000005c0e00000,0x00000005c0e06000,0x00000005d6380000)
 Metaspace       used 20807K, capacity 21088K, committed 21296K, reserved 1069056K
  class space    used 2549K, capacity 2645K, committed 2688K, reserved 1048576K
Event: 1.929 GC heap after
Heap after GC invocations=2 (full 0):
 PSYoungGen      total 153088K, used 7358K [0x0000000715a00000, 0x0000000728500000, 0x00000007c0000000)
  eden space 131584K, 0% used [0x0000000715a00000,0x0000000715a00000,0x000000071da80000)
  from space 21504K, 34% used [0x000000071ef80000,0x000000071f6af9d0,0x0000000720480000)
  to   space 21504K, 0% used [0x000000071da80000,0x000000071da80000,0x000000071ef80000)
 ParOldGen       total 349696K, used 32K [0x00000005c0e00000, 0x00000005d6380000, 0x0000000715a00000)
  object space 349696K, 0% used [0x00000005c0e00000,0x00000005c0e08000,0x00000005d6380000)
 Metaspace       used 20807K, capacity 21088K, committed 21296K, reserved 1069056K
  class space    used 2549K, capacity 2645K, committed 2688K, reserved 1048576K
}
Event: 1.929 GC heap before
{Heap before GC invocations=3 (full 1):
 PSYoungGen      total 153088K, used 7358K [0x0000000715a00000, 0x0000000728500000, 0x00000007c0000000)
  eden space 131584K, 0% used [0x0000000715a00000,0x0000000715a00000,0x000000071da80000)
  from space 21504K, 34% used [0x000000071ef80000,0x000000071f6af9d0,0x0000000720480000)
  to   space 21504K, 0% used [0x000000071da80000,0x000000071da80000,0x000000071ef80000)
 ParOldGen       total 349696K, used 32K [0x00000005c0e00000, 0x00000005d6380000, 0x0000000715a00000)
  object space 349696K, 0% used [0x00000005c0e00000,0x00000005c0e08000,0x00000005d6380000)
 Metaspace       used 20807K, capacity 21088K, committed 21296K, reserved 1069056K
  class space    used 2549K, capacity 2645K, committed 2688K, reserved 1048576K
Event: 1.957 GC heap after
Heap after GC invocations=3 (full 1):
 PSYoungGen      total 153088K, used 0K [0x0000000715a00000, 0x0000000728500000, 0x00000007c0000000)
  eden space 131584K, 0% used [0x0000000715a00000,0x0000000715a00000,0x000000071da80000)
  from space 21504K, 0% used [0x000000071ef80000,0x000000071ef80000,0x0000000720480000)
  to   space 21504K, 0% used [0x000000071da80000,0x000000071da80000,0x000000071ef80000)
 ParOldGen       total 160768K, used 7102K [0x00000005c0e00000, 0x00000005cab00000, 0x0000000715a00000)
  object space 160768K, 4% used [0x00000005c0e00000,0x00000005c14efa80,0x00000005cab00000)
 Metaspace       used 20807K, capacity 21088K, committed 21296K, reserved 1069056K
  class space    used 2549K, capacity 2645K, committed 2688K, reserved 1048576K
}
Event: 5.895 GC heap before
{Heap before GC invocations=4 (full 1):
 PSYoungGen      total 153088K, used 131584K [0x0000000715a00000, 0x0000000728500000, 0x00000007c0000000)
  eden space 131584K, 100% used [0x0000000715a00000,0x000000071da80000,0x000000071da80000)
  from space 21504K, 0% used [0x000000071ef80000,0x000000071ef80000,0x0000000720480000)
  to   space 21504K, 0% used [0x000000071da80000,0x000000071da80000,0x000000071ef80000)
 ParOldGen       total 160768K, used 7102K [0x00000005c0e00000, 0x00000005cab00000, 0x0000000715a00000)
  object space 160768K, 4% used [0x00000005c0e00000,0x00000005c14efa80,0x00000005cab00000)
 Metaspace       used 25208K, capacity 25488K, committed 25728K, reserved 1071104K
  class space    used 3098K, capacity 3169K, committed 3200K, reserved 1048576K
Event: 5.897 GC heap after
Heap after GC invocations=4 (full 1):
 PSYoungGen      total 153088K, used 3707K [0x0000000715a00000, 0x0000000726800000, 0x00000007c0000000)
  eden space 131584K, 0% used [0x0000000715a00000,0x0000000715a00000,0x000000071da80000)
  from space 21504K, 17% used [0x000000071da80000,0x000000071de1efa8,0x000000071ef80000)
  to   space 21504K, 0% used [0x0000000725300000,0x0000000725300000,0x0000000726800000)
 ParOldGen       total 160768K, used 7182K [0x00000005c0e00000, 0x00000005cab00000, 0x0000000715a00000)
  object space 160768K, 4% used [0x00000005c0e00000,0x00000005c1503aa8,0x00000005cab00000)
 Metaspace       used 25208K, capacity 25488K, committed 25728K, reserved 1071104K
  class space    used 3098K, capacity 3169K, committed 3200K, reserved 1048576K
}
Event: 6.136 GC heap before
{Heap before GC invocations=5 (full 1):
 PSYoungGen      total 153088K, used 135291K [0x0000000715a00000, 0x0000000726800000, 0x00000007c0000000)
  eden space 131584K, 100% used [0x0000000715a00000,0x000000071da80000,0x000000071da80000)
  from space 21504K, 17% used [0x000000071da80000,0x000000071de1efa8,0x000000071ef80000)
  to   space 21504K, 0% used [0x0000000725300000,0x0000000725300000,0x0000000726800000)
 ParOldGen       total 160768K, used 7182K [0x00000005c0e00000, 0x00000005cab00000, 0x0000000715a00000)
  object space 160768K, 4% used [0x00000005c0e00000,0x00000005c1503aa8,0x00000005cab00000)
 Metaspace       used 25557K, capacity 25878K, committed 26368K, reserved 1073152K
  class space    used 3155K, capacity 3234K, committed 3328K, reserved 1048576K
Event: 6.137 GC heap after
Heap after GC invocations=5 (full 1):
 PSYoungGen      total 242688K, used 1908K [0x0000000715a00000, 0x0000000726200000, 0x00000007c0000000)
  eden space 227328K, 0% used [0x0000000715a00000,0x0000000715a00000,0x0000000723800000)
  from space 15360K, 12% used [0x0000000725300000,0x00000007254dd170,0x0000000726200000)
  to   space 21504K, 0% used [0x0000000723800000,0x0000000723800000,0x0000000724d00000)
 ParOldGen       total 160768K, used 7190K [0x00000005c0e00000, 0x00000005cab00000, 0x0000000715a00000)
  object space 160768K, 4% used [0x00000005c0e00000,0x00000005c1505aa8,0x00000005cab00000)
 Metaspace       used 25557K, capacity 25878K, committed 26368K, reserved 1073152K
  class space    used 3155K, capacity 3234K, committed 3328K, reserved 1048576K
}
Event: 6.525 GC heap before
{Heap before GC invocations=6 (full 1):
 PSYoungGen      total 242688K, used 229236K [0x0000000715a00000, 0x0000000726200000, 0x00000007c0000000)
  eden space 227328K, 100% used [0x0000000715a00000,0x0000000723800000,0x0000000723800000)
  from space 15360K, 12% used [0x0000000725300000,0x00000007254dd170,0x0000000726200000)
  to   space 21504K, 0% used [0x0000000723800000,0x0000000723800000,0x0000000724d00000)
 ParOldGen       total 160768K, used 7190K [0x00000005c0e00000, 0x00000005cab00000, 0x0000000715a00000)
  object space 160768K, 4% used [0x00000005c0e00000,0x00000005c1505aa8,0x00000005cab00000)
 Metaspace       used 26337K, capacity 26692K, committed 27264K, reserved 1073152K
  class space    used 3253K, capacity 3333K, committed 3456K, reserved 1048576K
Event: 6.531 GC heap after
Heap after GC invocations=6 (full 1):
 PSYoungGen      total 248832K, used 20836K [0x0000000715a00000, 0x000000072fc80000, 0x00000007c0000000)
  eden space 227328K, 0% used [0x0000000715a00000,0x0000000715a00000,0x0000000723800000)
  from space 21504K, 96% used [0x0000000723800000,0x0000000724c59248,0x0000000724d00000)
  to   space 22016K, 0% used [0x000000072e700000,0x000000072e700000,0x000000072fc80000)
 ParOldGen       total 160768K, used 16579K [0x00000005c0e00000, 0x00000005cab00000, 0x0000000715a00000)
  object space 160768K, 10% used [0x00000005c0e00000,0x00000005c1e30ec8,0x00000005cab00000)
 Metaspace       used 26337K, capacity 26692K, committed 27264K, reserved 1073152K
  class space    used 3253K, capacity 3333K, committed 3456K, reserved 1048576K
}

Deoptimization events (10 events):
Event: 5.725 Thread 0x000000002b699800 Uncommon trap: reason=bimorphic action=maybe_recompile pc=0x000000000387ceec method=java.util.HashMap.putVal(ILjava/lang/Object;Ljava/lang/Object;ZZ)Ljava/lang/Object; @ 203
Event: 5.725 Thread 0x000000002b699800 Uncommon trap: reason=bimorphic action=maybe_recompile pc=0x000000000387ceec method=java.util.HashMap.putVal(ILjava/lang/Object;Ljava/lang/Object;ZZ)Ljava/lang/Object; @ 203
Event: 5.725 Thread 0x000000002b699800 Uncommon trap: reason=bimorphic action=maybe_recompile pc=0x000000000387ceec method=java.util.HashMap.putVal(ILjava/lang/Object;Ljava/lang/Object;ZZ)Ljava/lang/Object; @ 203
Event: 5.727 Thread 0x000000002b699800 Uncommon trap: reason=bimorphic action=maybe_recompile pc=0x000000000387ceec method=java.util.HashMap.putVal(ILjava/lang/Object;Ljava/lang/Object;ZZ)Ljava/lang/Object; @ 203
Event: 5.990 Thread 0x0000000029fd0800 Uncommon trap: reason=class_check action=maybe_recompile pc=0x00000000039e1180 method=java.lang.AbstractStringBuilder.append(Ljava/lang/CharSequence;)Ljava/lang/AbstractStringBuilder; @ 37
Event: 6.455 Thread 0x000000002b699800 Uncommon trap: reason=unstable_if action=reinterpret pc=0x0000000003d6889c method=ij.ImagePlus.setPosition(III)V @ 116
Event: 6.455 Thread 0x000000002b699800 Uncommon trap: reason=unstable_if action=reinterpret pc=0x0000000003d587d8 method=ij.ImagePlus.setSlice(I)V @ 12
Event: 6.469 Thread 0x000000002b699800 Uncommon trap: reason=unstable_if action=reinterpret pc=0x0000000003d7302c method=ij.process.ImageProcessor.updateComposite([II)V @ 251
Event: 6.474 Thread 0x000000002b699800 Uncommon trap: reason=unstable_if action=reinterpret pc=0x0000000003d711cc method=ij.process.ImageProcessor.updateComposite([II)V @ 334
Event: 6.485 Thread 0x000000002b699800 Uncommon trap: reason=unstable_if action=reinterpret pc=0x0000000003d57794 method=java.lang.Math.round(D)J @ 31

Classes redefined (0 events):
No events

Internal exceptions (10 events):
Event: 1.614 Thread 0x000000002af3e000 Exception <a 'java/security/PrivilegedActionException'> (0x000000071abac8d0) thrown at [C:\re\workspace\8-2-build-windows-amd64-cygwin\jdk8u201\12322\hotspot\src\share\vm\prims\jvm.cpp, line 1502]
Event: 1.614 Thread 0x000000002af3e000 Exception <a 'java/security/PrivilegedActionException'> (0x000000071abacae0) thrown at [C:\re\workspace\8-2-build-windows-amd64-cygwin\jdk8u201\12322\hotspot\src\share\vm\prims\jvm.cpp, line 1502]
Event: 1.615 Thread 0x000000002af3e000 Exception <a 'java/security/PrivilegedActionException'> (0x000000071abce848) thrown at [C:\re\workspace\8-2-build-windows-amd64-cygwin\jdk8u201\12322\hotspot\src\share\vm\prims\jvm.cpp, line 1502]
Event: 1.615 Thread 0x000000002af3e000 Exception <a 'java/security/PrivilegedActionException'> (0x000000071abcea58) thrown at [C:\re\workspace\8-2-build-windows-amd64-cygwin\jdk8u201\12322\hotspot\src\share\vm\prims\jvm.cpp, line 1502]
Event: 1.615 Thread 0x000000002af3e000 Exception <a 'java/security/PrivilegedActionException'> (0x000000071abe62e8) thrown at [C:\re\workspace\8-2-build-windows-amd64-cygwin\jdk8u201\12322\hotspot\src\share\vm\prims\jvm.cpp, line 1502]
Event: 1.615 Thread 0x000000002af3e000 Exception <a 'java/security/PrivilegedActionException'> (0x000000071abe64f8) thrown at [C:\re\workspace\8-2-build-windows-amd64-cygwin\jdk8u201\12322\hotspot\src\share\vm\prims\jvm.cpp, line 1502]
Event: 4.702 Thread 0x000000002ad2b800 Exception <a 'java/security/PrivilegedActionException'> (0x0000000716c4e9a8) thrown at [C:\re\workspace\8-2-build-windows-amd64-cygwin\jdk8u201\12322\hotspot\src\share\vm\prims\jvm.cpp, line 1502]
Event: 4.702 Thread 0x000000002ad2b800 Exception <a 'java/security/PrivilegedActionException'> (0x0000000716c4ef88) thrown at [C:\re\workspace\8-2-build-windows-amd64-cygwin\jdk8u201\12322\hotspot\src\share\vm\prims\jvm.cpp, line 1502]
Event: 4.702 Thread 0x000000002ad2b800 Exception <a 'java/security/PrivilegedActionException'> (0x0000000716c509e0) thrown at [C:\re\workspace\8-2-build-windows-amd64-cygwin\jdk8u201\12322\hotspot\src\share\vm\prims\jvm.cpp, line 1502]
Event: 4.702 Thread 0x000000002ad2b800 Exception <a 'java/security/PrivilegedActionException'> (0x0000000716c50fc0) thrown at [C:\re\workspace\8-2-build-windows-amd64-cygwin\jdk8u201\12322\hotspot\src\share\vm\prims\jvm.cpp, line 1502]

Events (10 events):
Event: 6.485 Thread 0x000000002b699800 DEOPT PACKING pc=0x0000000003d57794 sp=0x000000003afaefa0
Event: 6.485 Thread 0x000000002b699800 DEOPT UNPACKING pc=0x00000000033c583b sp=0x000000003afaef18 mode 2
Event: 6.504 Thread 0x000000002b699800 DEOPT PACKING pc=0x0000000003d7fc59 sp=0x000000003afaeef0
Event: 6.504 Thread 0x000000002b699800 DEOPT UNPACKING pc=0x00000000033c7890 sp=0x000000003afaed50 mode 0
Event: 6.525 Executing VM operation: ParallelGCFailedAllocation
Event: 6.531 Executing VM operation: ParallelGCFailedAllocation done
Event: 6.531 Executing VM operation: RevokeBias
Event: 6.531 Executing VM operation: RevokeBias done
Event: 6.531 Executing VM operation: RevokeBias
Event: 6.531 Executing VM operation: RevokeBias done


Dynamic libraries:
0x00007ff64c1b0000 - 0x00007ff64c1e7000 	C:\Program Files\Java\jdk1.8.0_201\bin\java.exe
0x00007ff955860000 - 0x00007ff955a4d000 	C:\WINDOWS\SYSTEM32\ntdll.dll
0x00007ff954720000 - 0x00007ff9547d3000 	C:\WINDOWS\System32\KERNEL32.DLL
0x00007ff951c90000 - 0x00007ff951f23000 	C:\WINDOWS\System32\KERNELBASE.dll
0x00007ff9553d0000 - 0x00007ff955473000 	C:\WINDOWS\System32\ADVAPI32.dll
0x00007ff954670000 - 0x00007ff95470e000 	C:\WINDOWS\System32\msvcrt.dll
0x00007ff953080000 - 0x00007ff95311e000 	C:\WINDOWS\System32\sechost.dll
0x00007ff954c60000 - 0x00007ff954d82000 	C:\WINDOWS\System32\RPCRT4.dll
0x00007ff952e60000 - 0x00007ff952ff7000 	C:\WINDOWS\System32\USER32.dll
0x00007ff9522a0000 - 0x00007ff9522c0000 	C:\WINDOWS\System32\win32u.dll
0x00007ff952e30000 - 0x00007ff952e59000 	C:\WINDOWS\System32\GDI32.dll
0x00007ff952100000 - 0x00007ff95229a000 	C:\WINDOWS\System32\gdi32full.dll
0x00007ff951f60000 - 0x00007ff952000000 	C:\WINDOWS\System32\msvcp_win.dll
0x00007ff952000000 - 0x00007ff9520fa000 	C:\WINDOWS\System32\ucrtbase.dll
0x00007ff9459d0000 - 0x00007ff945c49000 	C:\WINDOWS\WinSxS\amd64_microsoft.windows.common-controls_6595b64144ccf1df_6.0.17763.437_none_05b63dca071e5dd6\COMCTL32.dll
0x00007ff954f40000 - 0x00007ff95526c000 	C:\WINDOWS\System32\combase.dll
0x00007ff952a10000 - 0x00007ff952a8e000 	C:\WINDOWS\System32\bcryptPrimitives.dll
0x00007ff955480000 - 0x00007ff9554ae000 	C:\WINDOWS\System32\IMM32.DLL
0x00000000627c0000 - 0x0000000062891000 	C:\Program Files\Java\jdk1.8.0_201\jre\bin\msvcr100.dll
0x0000000060f40000 - 0x00000000617e4000 	C:\Program Files\Java\jdk1.8.0_201\jre\bin\server\jvm.dll
0x00007ff954e80000 - 0x00007ff954e88000 	C:\WINDOWS\System32\PSAPI.DLL
0x00007ff94f870000 - 0x00007ff94f894000 	C:\WINDOWS\SYSTEM32\WINMM.dll
0x00007ff94c510000 - 0x00007ff94c51a000 	C:\WINDOWS\SYSTEM32\VERSION.dll
0x00007ff942660000 - 0x00007ff942669000 	C:\WINDOWS\SYSTEM32\WSOCK32.dll
0x00007ff955710000 - 0x00007ff95577d000 	C:\WINDOWS\System32\WS2_32.dll
0x00007ff94f840000 - 0x00007ff94f86d000 	C:\WINDOWS\SYSTEM32\WINMMBASE.dll
0x00007ff951c40000 - 0x00007ff951c8a000 	C:\WINDOWS\System32\cfgmgr32.dll
0x00007ff94b570000 - 0x00007ff94b57f000 	C:\Program Files\Java\jdk1.8.0_201\jre\bin\verify.dll
0x00007ff93e9b0000 - 0x00007ff93e9d9000 	C:\Program Files\Java\jdk1.8.0_201\jre\bin\java.dll
0x00007ff93d8e0000 - 0x00007ff93d903000 	C:\Program Files\Java\jdk1.8.0_201\jre\bin\instrument.dll
0x00007ff9436b0000 - 0x00007ff9436c6000 	C:\Program Files\Java\jdk1.8.0_201\jre\bin\zip.dll
0x00007ff953180000 - 0x00007ff954670000 	C:\WINDOWS\System32\SHELL32.dll
0x00007ff955780000 - 0x00007ff955828000 	C:\WINDOWS\System32\shcore.dll
0x00007ff9522c0000 - 0x00007ff952a0a000 	C:\WINDOWS\System32\windows.storage.dll
0x00007ff951860000 - 0x00007ff951884000 	C:\WINDOWS\System32\profapi.dll
0x00007ff9518b0000 - 0x00007ff95190d000 	C:\WINDOWS\System32\powrprof.dll
0x00007ff952a90000 - 0x00007ff952ae2000 	C:\WINDOWS\System32\shlwapi.dll
0x00007ff951910000 - 0x00007ff951921000 	C:\WINDOWS\System32\kernel.appcore.dll
0x00007ff951c20000 - 0x00007ff951c37000 	C:\WINDOWS\System32\cryptsp.dll
0x00007ff94b5a0000 - 0x00007ff94b5ba000 	C:\Program Files\JetBrains\IntelliJ IDEA 2019.1.1\bin\breakgen64.dll
0x00007ff93e4d0000 - 0x00007ff93e4ea000 	C:\Program Files\Java\jdk1.8.0_201\jre\bin\net.dll
0x00007ff945550000 - 0x00007ff945726000 	C:\WINDOWS\SYSTEM32\urlmon.dll
0x00007ff943910000 - 0x00007ff943bb8000 	C:\WINDOWS\SYSTEM32\iertutil.dll
0x00007ff9512b0000 - 0x00007ff9512bc000 	C:\WINDOWS\SYSTEM32\CRYPTBASE.DLL
0x00007ff9510e0000 - 0x00007ff951147000 	C:\WINDOWS\system32\mswsock.dll
0x00007ff914300000 - 0x00007ff914499000 	C:\Program Files\Java\jdk1.8.0_201\jre\bin\awt.dll
0x00007ff954db0000 - 0x00007ff954e74000 	C:\WINDOWS\System32\OLEAUT32.dll
0x00007ff94f640000 - 0x00007ff94f6cc000 	C:\WINDOWS\SYSTEM32\apphelp.dll
0x00007ff94fc20000 - 0x00007ff94fcbc000 	C:\WINDOWS\system32\uxtheme.dll
0x00007ff9555a0000 - 0x00007ff95570a000 	C:\WINDOWS\System32\MSCTF.dll
0x00007ff94ff70000 - 0x00007ff94ff9e000 	C:\WINDOWS\system32\dwmapi.dll
0x00007ff951930000 - 0x00007ff951b0b000 	C:\WINDOWS\System32\CRYPT32.dll
0x00007ff951890000 - 0x00007ff9518a2000 	C:\WINDOWS\System32\MSASN1.dll
0x00007ff955270000 - 0x00007ff9553c5000 	C:\WINDOWS\System32\ole32.dll
0x00007ff93e4f0000 - 0x00007ff93e617000 	C:\WINDOWS\system32\opengl32.dll
0x00007ff942930000 - 0x00007ff94295c000 	C:\WINDOWS\SYSTEM32\GLU32.dll
0x00007ff94a0e0000 - 0x00007ff94a27e000 	C:\WINDOWS\system32\d3d9.dll
0x00007ff94b130000 - 0x00007ff94b21e000 	C:\WINDOWS\System32\DriverStore\FileRepository\nv_dispwi.inf_amd64_42095f9fa3a48b6e\nvldumdx.dll
0x00007ff951bc0000 - 0x00007ff951c19000 	C:\WINDOWS\System32\WINTRUST.DLL
0x00007ff954d90000 - 0x00007ff954dad000 	C:\WINDOWS\System32\imagehlp.dll
0x00007ff950a40000 - 0x00007ff950a73000 	C:\WINDOWS\system32\rsaenh.dll
0x00007ff951f30000 - 0x00007ff951f56000 	C:\WINDOWS\System32\bcrypt.dll
0x00007ff8f2a50000 - 0x00007ff8f3e10000 	C:\WINDOWS\System32\DriverStore\FileRepository\nv_dispwi.inf_amd64_42095f9fa3a48b6e\nvd3dumx.dll
0x00007ff946760000 - 0x00007ff946824000 	C:\Program Files (x86)\NVIDIA Corporation\3D Vision\nvSCPAPI64.dll
0x00007ff9547e0000 - 0x00007ff954c56000 	C:\WINDOWS\System32\SETUPAPI.dll
0x00007ff950300000 - 0x00007ff950322000 	C:\WINDOWS\SYSTEM32\gpapi.dll
0x00007ff94b8e0000 - 0x00007ff94b90f000 	C:\WINDOWS\SYSTEM32\cryptnet.dll
0x00007ff93d890000 - 0x00007ff93d8d7000 	C:\Program Files\Java\jdk1.8.0_201\jre\bin\fontmanager.dll
0x00007ff93e4b0000 - 0x00007ff93e4c1000 	C:\Program Files\Java\jdk1.8.0_201\jre\bin\nio.dll
0x00007ff93a6f0000 - 0x00007ff93a732000 	C:\Program Files\Java\jdk1.8.0_201\jre\bin\t2k.dll
0x00007ff941250000 - 0x00007ff9412e5000 	C:\WINDOWS\System32\TextInputFramework.dll
0x00007ff94be20000 - 0x00007ff94c142000 	C:\WINDOWS\System32\CoreUIComponents.dll
0x00007ff94efb0000 - 0x00007ff94f092000 	C:\WINDOWS\System32\CoreMessaging.dll
0x00007ff950600000 - 0x00007ff950631000 	C:\WINDOWS\SYSTEM32\ntmarta.dll
0x00007ff94c6a0000 - 0x00007ff94c7f3000 	C:\WINDOWS\SYSTEM32\wintypes.dll
0x00007ff954e90000 - 0x00007ff954f32000 	C:\WINDOWS\System32\clbcatq.dll
0x00007ff94b6c0000 - 0x00007ff94b878000 	C:\WINDOWS\SYSTEM32\WindowsCodecs.dll
0x00007ff932610000 - 0x00007ff932666000 	C:\WINDOWS\system32\dataexchange.dll
0x00007ff94ea70000 - 0x00007ff94ec33000 	C:\WINDOWS\system32\dcomp.dll
0x00007ff94e150000 - 0x00007ff94e3ce000 	C:\WINDOWS\system32\d3d11.dll
0x00007ff950510000 - 0x00007ff9505d2000 	C:\WINDOWS\system32\dxgi.dll
0x00007ff94fd10000 - 0x00007ff94ff1d000 	C:\WINDOWS\system32\twinapi.appcore.dll
0x00007ff94ff20000 - 0x00007ff94ff48000 	C:\WINDOWS\system32\RMCLIENT.dll
0x00007ff93b680000 - 0x00007ff93b6aa000 	C:\Program Files\Java\jdk1.8.0_201\jre\bin\dcpr.dll
0x00007ff952d00000 - 0x00007ff952e27000 	C:\WINDOWS\System32\COMDLG32.dll
0x00007ff931ce0000 - 0x00007ff93216b000 	C:\WINDOWS\system32\explorerframe.dll
0x00007ff912960000 - 0x00007ff912a04000 	C:\Program Files\Common Files\microsoft shared\ink\tiptsf.dll
0x00007ff931b60000 - 0x00007ff931ba5000 	C:\WINDOWS\SYSTEM32\edputil.dll
0x00007ff931c70000 - 0x00007ff931cd1000 	C:\Windows\System32\thumbcache.dll
0x00007ff94cf20000 - 0x00007ff94d0c8000 	C:\WINDOWS\system32\propsys.dll
0x00007ff931690000 - 0x00007ff931752000 	C:\WINDOWS\SYSTEM32\ntshrui.dll
0x00007ff951760000 - 0x00007ff95178f000 	C:\WINDOWS\SYSTEM32\SspiCli.dll
0x00007ff93d560000 - 0x00007ff93d586000 	C:\WINDOWS\SYSTEM32\srvcli.dll
0x00007ff939180000 - 0x00007ff939192000 	C:\WINDOWS\SYSTEM32\cscapi.dll
0x00007ff942230000 - 0x00007ff94224b000 	C:\WINDOWS\SYSTEM32\MPR.dll
0x00007ff93cd40000 - 0x00007ff93cd4b000 	C:\WINDOWS\System32\drprov.dll
0x00007ff950730000 - 0x00007ff950788000 	C:\WINDOWS\System32\WINSTA.dll
0x00007ff93c3b0000 - 0x00007ff93c3c5000 	C:\WINDOWS\System32\ntlanman.dll
0x00007ff93c390000 - 0x00007ff93c3ad000 	C:\WINDOWS\System32\davclnt.dll
0x00007ff93cd30000 - 0x00007ff93cd3c000 	C:\WINDOWS\System32\DAVHLPR.dll
0x00007ff94ccc0000 - 0x00007ff94ccd7000 	C:\WINDOWS\System32\wkscli.dll
0x00007ff950f50000 - 0x00007ff950f5e000 	C:\WINDOWS\System32\netutils.dll
0x00007ff93b540000 - 0x00007ff93b5e7000 	C:\WINDOWS\System32\StructuredQuery.dll
0x00007ff94c2a0000 - 0x00007ff94c320000 	C:\WINDOWS\SYSTEM32\policymanager.dll
0x00007ff94f6f0000 - 0x00007ff94f77a000 	C:\WINDOWS\SYSTEM32\msvcp110_win.dll
0x00007ff93b210000 - 0x00007ff93b338000 	C:\Windows\System32\Windows.StateRepositoryPS.dll
0x00007ff92a920000 - 0x00007ff92a9d6000 	C:\WINDOWS\system32\Windows.Storage.Search.dll
0x00007ff931940000 - 0x00007ff93195f000 	C:\WINDOWS\SYSTEM32\CLDAPI.dll
0x00007ff940c50000 - 0x00007ff940c5a000 	C:\WINDOWS\SYSTEM32\FLTLIB.DLL
0x00007ff910c20000 - 0x00007ff910d88000 	C:\Users\sc13967\AppData\Local\Microsoft\OneDrive\19.062.0331.0006\amd64\FileSyncShell64.dll
0x00007ff951790000 - 0x00007ff9517b8000 	C:\WINDOWS\SYSTEM32\USERENV.dll
0x00007ff939cf0000 - 0x00007ff93a1d1000 	C:\WINDOWS\SYSTEM32\WININET.dll
0x00007ff935ee0000 - 0x00007ff935eeb000 	C:\WINDOWS\SYSTEM32\ktmw32.dll
0x00007ff92f920000 - 0x00007ff92f957000 	C:\Windows\System32\EhStorShell.dll
0x00007ff92f800000 - 0x00007ff92f8ca000 	C:\WINDOWS\System32\cscui.dll
0x00007ff94f920000 - 0x00007ff94f96e000 	C:\WINDOWS\System32\cscobj.dll
0x00007ff94f6d0000 - 0x00007ff94f6e3000 	C:\WINDOWS\System32\WTSAPI32.dll
0x00007ff9180d0000 - 0x00007ff91818e000 	C:\Users\sc13967\.javacpp\cache\ffmpeg-4.1.3-1.5-windows-x86_64.jar\org\bytedeco\ffmpeg\windows-x86_64\avutil-56.dll
0x000000006fe00000 - 0x000000006feec000 	C:\Users\sc13967\.javacpp\cache\ffmpeg-4.1.3-1.5-windows-x86_64.jar\org\bytedeco\ffmpeg\windows-x86_64\jniavutil.dll
0x00007ff93a770000 - 0x00007ff93a797000 	C:\Users\sc13967\.javacpp\cache\ffmpeg-4.1.3-1.5-windows-x86_64.jar\org\bytedeco\ffmpeg\windows-x86_64\swresample-3.dll
0x0000000070080000 - 0x00000000700ae000 	C:\Users\sc13967\.javacpp\cache\ffmpeg-4.1.3-1.5-windows-x86_64.jar\org\bytedeco\ffmpeg\windows-x86_64\jniswresample.dll
0x00007ff8cee70000 - 0x00007ff8d1feb000 	C:\Users\sc13967\.javacpp\cache\ffmpeg-4.1.3-1.5-windows-x86_64.jar\org\bytedeco\ffmpeg\windows-x86_64\avcodec-58.dll
0x000000006a1c0000 - 0x000000006a42b000 	C:\Users\sc13967\.javacpp\cache\ffmpeg-4.1.3-1.5-windows-x86_64.jar\org\bytedeco\ffmpeg\windows-x86_64\jniavcodec.dll
0x00007ff8eb310000 - 0x00007ff8eb84f000 	C:\Users\sc13967\.javacpp\cache\ffmpeg-4.1.3-1.5-windows-x86_64.jar\org\bytedeco\ffmpeg\windows-x86_64\avformat-58.dll
0x000000006abc0000 - 0x000000006ad08000 	C:\Users\sc13967\.javacpp\cache\ffmpeg-4.1.3-1.5-windows-x86_64.jar\org\bytedeco\ffmpeg\windows-x86_64\jniavformat.dll
0x00007ff9399f0000 - 0x00007ff939a86000 	C:\Users\sc13967\.javacpp\cache\ffmpeg-4.1.3-1.5-windows-x86_64.jar\org\bytedeco\ffmpeg\windows-x86_64\swscale-5.dll
0x0000000067cc0000 - 0x0000000067cf6000 	C:\Users\sc13967\.javacpp\cache\ffmpeg-4.1.3-1.5-windows-x86_64.jar\org\bytedeco\ffmpeg\windows-x86_64\jniswscale.dll
0x00007ff93a690000 - 0x00007ff93a6ba000 	C:\Users\sc13967\.javacpp\cache\ffmpeg-4.1.3-1.5-windows-x86_64.jar\org\bytedeco\ffmpeg\windows-x86_64\postproc-55.dll

VM Arguments:
jvm_args: -javaagent:C:\Program Files\JetBrains\IntelliJ IDEA 2019.1.1\lib\idea_rt.jar=56848:C:\Program Files\JetBrains\IntelliJ IDEA 2019.1.1\bin -Dfile.encoding=UTF-8 
java_command: com.intellij.rt.execution.CommandLineWrapper C:\Users\sc13967\AppData\Local\Temp\idea_classpath822524962 wbif.sjx.MIA.MIA
java_class_path (initial): C:\Program Files\JetBrains\IntelliJ IDEA 2019.1.1\lib\idea_rt.jar;C:\Program Files\JetBrains\IntelliJ IDEA 2019.1.1\lib\idea_rt.jar
Launcher Type: SUN_STANDARD

Environment Variables:
JAVA_HOME=C:\Program Files\Java\jdk1.8.0_201
PATH=C:\Program Files\NVIDIA GPU Computing Toolkit\CUDA\v10.1\bin;C:\Program Files\NVIDIA GPU Computing Toolkit\CUDA\v10.1\libnvvp;C:\Program Files (x86)\Common Files\Oracle\Java\javapath;C:\WINDOWS\system32;C:\WINDOWS;C:\WINDOWS\System32\Wbem;C:\WINDOWS\System32\WindowsPowerShell\v1.0\;C:\WINDOWS\System32\OpenSSH\;C:\Program Files\MATLAB\R2018b\runtime\win64;C:\Program Files\MATLAB\R2018b\bin;C:\Program Files\Git\cmd;C:\Program Files\NVIDIA Corporation\Nsight Compute 2019.1\;C:\Program Files (x86)\NVIDIA Corporation\PhysX\Common;C:\Users\sc13967\AppData\Local\Microsoft\WindowsApps;C:\Users\sc13967\AppData\Local\atom\bin;C:\cudnn-10.1-windows10-x64-v7.5.0.56\cuda\bin;C:\Users\sc13967\AppData\Local\Continuum\anaconda3\Scripts;C:\Users\sc13967\Programs\apache-maven-3.6.1\bin;
USERNAME=sc13967
OS=Windows_NT
PROCESSOR_IDENTIFIER=Intel64 Family 6 Model 60 Stepping 3, GenuineIntel



---------------  S Y S T E M  ---------------

OS: Windows 10.0 , 64 bit Build 17763 (10.0.17763.437)

CPU:total 8 (initial active 8) (4 cores per cpu, 2 threads per core) family 6 model 60 stepping 3, cmov, cx8, fxsr, mmx, sse, sse2, sse3, ssse3, sse4.1, sse4.2, popcnt, avx, avx2, aes, clmul, erms, lzcnt, ht, tsc, tscinvbit, bmi1, bmi2

Memory: 4k page, physical 33492008k(20552244k free), swap 38472744k(21890084k free)

vm_info: Java HotSpot(TM) 64-Bit Server VM (25.201-b09) for windows-amd64 JRE (1.8.0_201-b09), built on Dec 15 2018 18:36:39 by "java_re" with MS VC++ 10.0 (VS2010)

time: Wed May 15 11:09:40 2019
timezone: GMT Daylight Time
elapsed time: 6 seconds (0d 0h 0m 6s)

