#
# A fatal error has been detected by the Java Runtime Environment:
#
#  EXCEPTION_ACCESS_VIOLATION (0xc0000005) at pc=0x0000000065a0c220, pid=5760, tid=0x0000000000002958
#
# JRE version: Java(TM) SE Runtime Environment (8.0_161-b12) (build 1.8.0_161-b12)
# Java VM: Java HotSpot(TM) 64-Bit Server VM (25.161-b12 mixed mode windows-amd64 compressed oops)
# Problematic frame:
# C  [msvcr100.dll+0x3c220]
#
# Failed to write core dump. Minidumps are not selected by default on client versions of Windows
#
# If you would like to submit a bug report, please visit:
#   http://bugreport.java.com/bugreport/crash.jsp
# The crash happened outside the Java Virtual Machine in native code.
# See problematic frame for where to report the bug.
#

---------------  T H R E A D  ---------------

Current thread (0x000000001a42c000):  JavaThread "Thread-8" [_thread_in_native, id=10584, stack(0x00000000264b0000,0x00000000265b0000)]

siginfo: ExceptionCode=0xc0000005, reading address 0x000000001c7e0098

Registers:
RAX=0x0000000000000040, RBX=0x000000001a42c1f8, RCX=0x00000000d9cff458, RDX=0xffffffff42ae0c48
RSP=0x00000000265aea68, RBP=0x00000000265aeb68, RSI=0x00000000265aeb60, RDI=0x00000000d9c3f458
R8 =0x00000000000c0000, R9 =0x0000000000006000, R10=0x000000000000000c, R11=0x00000000d9c3f458
R12=0x000000001c7200a0, R13=0x0000000000000000, R14=0x00000000265aeb68, R15=0x000000001a42c000
RIP=0x0000000065a0c220, EFLAGS=0x0000000000010202

Top of Stack: (sp=0x00000000265aea68)
0x00000000265aea68:   00007ff89e453557 000000001a42c1f8
0x00000000265aea78:   00000000265aeb68 00000000265aeb60
0x00000000265aea88:   000000001a42c000 000000001c5294b0
0x00000000265aea98:   0000000000000000 0000000020079f5b
0x00000000265aeaa8:   0000000002b98c67 0000000002b87da0
0x00000000265aeab8:   000000001c5294b0 00000000265aeb30
0x00000000265aeac8:   000000001c5294b0 00000000000c0000
0x00000000265aead8:   000000001a42c000 00000000265aebc8
0x00000000265aeae8:   0000000002b98962 00000000265aeaf0
0x00000000265aeaf8:   000000001c5294b0 00000000265aeb68
0x00000000265aeb08:   000000001c5e8208 0000000000000000
0x00000000265aeb18:   000000001c5294b0 0000000000000000
0x00000000265aeb28:   00000000265aeb50 00000000265aebb0
0x00000000265aeb38:   0000000002b880e0 0000000000000000
0x00000000265aeb48:   0000000002b921db 00000000000c0000
0x00000000265aeb58:   0000000000000000 00000000d9c3f448 

Instructions: (pc=0x0000000065a0c220)
0x0000000065a0c200:   48 81 e9 80 00 00 00 0f 18 04 0a 0f 18 44 0a 40
0x0000000065a0c210:   ff c8 75 ec 48 81 c1 00 10 00 00 b8 40 00 00 00
0x0000000065a0c220:   4c 8b 4c 0a f8 4c 8b 54 0a f0 4c 0f c3 49 f8 4c
0x0000000065a0c230:   0f c3 51 f0 4c 8b 4c 0a e8 4c 8b 54 0a e0 4c 0f 


Register to memory mapping:

RAX=0x0000000000000040 is an unknown value
RBX=0x000000001a42c1f8 is an unknown value
RCX=0x00000000d9cff458 is an oop

[error occurred during error reporting (printing register info), id 0xc0000005]

Stack: [0x00000000264b0000,0x00000000265b0000],  sp=0x00000000265aea68,  free space=1018k
Native frames: (J=compiled Java code, j=interpreted, Vv=VM code, C=native code)
C  [msvcr100.dll+0x3c220]
C  0x00007ff89e453557
C  0x0000000002b98c67

Java frames: (J=compiled Java code, j=interpreted, Vv=VM code)
j  org.bytedeco.javacpp.BytePointer.get([BII)Lorg/bytedeco/javacpp/BytePointer;+0
j  org.bytedeco.javacpp.BytePointer.get([B)Lorg/bytedeco/javacpp/BytePointer;+5
j  org.janelia.it.jacs.shared.ffmpeg.FFMpegLoader.extractBytes(Lorg/janelia/it/jacs/shared/ffmpeg/Frame;Lorg/bytedeco/javacpp/BytePointer;)V+61
j  org.janelia.it.jacs.shared.ffmpeg.FFMpegLoader.processImage(Lorg/janelia/it/jacs/shared/ffmpeg/Frame;)V+176
j  org.janelia.it.jacs.shared.ffmpeg.FFMpegLoader.grabFrame()Lorg/janelia/it/jacs/shared/ffmpeg/Frame;+280
j  wbif.sjx.ModularImageAnalysis.Module.InputOutput.VideoLoader.getFFMPEGVideo(Ljava/lang/String;Ljava/lang/String;Ljava/lang/String;[I)Lwbif/sjx/ModularImageAnalysis/Object/Image;+76
j  wbif.sjx.ModularImageAnalysis.Module.InputOutput.VideoLoader.run(Lwbif/sjx/ModularImageAnalysis/Object/Workspace;)Z+626
j  wbif.sjx.ModularImageAnalysis.Module.Module.execute(Lwbif/sjx/ModularImageAnalysis/Object/Workspace;)Z+12
j  wbif.sjx.ModularImageAnalysis.GUI.Layouts.GUI.evaluateModule(Lwbif/sjx/ModularImageAnalysis/Module/Module;)V+34
j  wbif.sjx.ModularImageAnalysis.GUI.ControlObjects.EvalButton.lambda$actionPerformed$1(I)V+37
j  wbif.sjx.ModularImageAnalysis.GUI.ControlObjects.EvalButton$$Lambda$16.run()V+4
j  java.lang.Thread.run()V+11
v  ~StubRoutines::call_stub

---------------  P R O C E S S  ---------------

Java Threads: ( => current thread )
  0x000000001a42b000 JavaThread "Image Animator 0" daemon [_thread_blocked, id=16268, stack(0x00000000265b0000,0x00000000266b0000)]
=>0x000000001a42c000 JavaThread "Thread-8" [_thread_in_native, id=10584, stack(0x00000000264b0000,0x00000000265b0000)]
  0x000000001a42d800 JavaThread "Swing-Shell" daemon [_thread_blocked, id=16444, stack(0x0000000022eb0000,0x0000000022fb0000)]
  0x000000001a430800 JavaThread "TimerQueue" daemon [_thread_blocked, id=2912, stack(0x000000001eb50000,0x000000001ec50000)]
  0x000000001a42f800 JavaThread "DestroyJavaVM" [_thread_blocked, id=7540, stack(0x00000000027b0000,0x00000000028b0000)]
  0x000000001ace1800 JavaThread "AWT-EventQueue-0" [_thread_blocked, id=15616, stack(0x000000001cf10000,0x000000001d010000)]
  0x000000001b760000 JavaThread "AWT-Windows" daemon [_thread_in_native, id=10592, stack(0x000000001c350000,0x000000001c450000)]
  0x000000001ab04800 JavaThread "AWT-Shutdown" [_thread_blocked, id=16480, stack(0x000000001c250000,0x000000001c350000)]
  0x000000001ab04000 JavaThread "Java2D Disposer" daemon [_thread_blocked, id=16256, stack(0x000000001aee0000,0x000000001afe0000)]
  0x0000000019849800 JavaThread "Service Thread" daemon [_thread_blocked, id=14080, stack(0x0000000019d10000,0x0000000019e10000)]
  0x00000000197a6000 JavaThread "C1 CompilerThread2" daemon [_thread_blocked, id=11812, stack(0x0000000019c10000,0x0000000019d10000)]
  0x000000001979d000 JavaThread "C2 CompilerThread1" daemon [_thread_blocked, id=3056, stack(0x0000000019b10000,0x0000000019c10000)]
  0x000000001979c000 JavaThread "C2 CompilerThread0" daemon [_thread_blocked, id=12568, stack(0x0000000019a10000,0x0000000019b10000)]
  0x000000001970e800 JavaThread "Monitor Ctrl-Break" daemon [_thread_in_native, id=12312, stack(0x0000000019910000,0x0000000019a10000)]
  0x00000000176b6800 JavaThread "Attach Listener" daemon [_thread_blocked, id=11788, stack(0x0000000018c10000,0x0000000018d10000)]
  0x00000000176b5800 JavaThread "Signal Dispatcher" daemon [_thread_blocked, id=15416, stack(0x0000000018b10000,0x0000000018c10000)]
  0x0000000017691800 JavaThread "Finalizer" daemon [_thread_blocked, id=12192, stack(0x0000000018920000,0x0000000018a20000)]
  0x00000000029ab800 JavaThread "Reference Handler" daemon [_thread_blocked, id=14796, stack(0x0000000018820000,0x0000000018920000)]

Other Threads:
  0x0000000017668000 VMThread [stack: 0x0000000018720000,0x0000000018820000] [id=6224]
  0x0000000019874800 WatcherThread [stack: 0x0000000019e10000,0x0000000019f10000] [id=17768]

VM selected:not at safepoint (normal execution)

VM Mutex/Monitor currently owned by a thread: None

Heap:
 PSYoungGen      total 138240K, used 62973K [0x00000000d5f80000, 0x00000000df500000, 0x0000000100000000)
  eden space 126976K, 49% used [0x00000000d5f80000,0x00000000d9cff458,0x00000000ddb80000)
  from space 11264K, 0% used [0x00000000ddb80000,0x00000000ddb80000,0x00000000de680000)
  to   space 12288K, 0% used [0x00000000de900000,0x00000000de900000,0x00000000df500000)
 ParOldGen       total 51712K, used 14900K [0x0000000081e00000, 0x0000000085080000, 0x00000000d5f80000)
  object space 51712K, 28% used [0x0000000081e00000,0x0000000082c8d2c0,0x0000000085080000)
 Metaspace       used 32243K, capacity 32572K, committed 32896K, reserved 1077248K
  class space    used 4048K, capacity 4153K, committed 4224K, reserved 1048576K

Card table byte_map: [0x0000000011f40000,0x0000000012340000] byte_map_base: 0x0000000011b31000

Marking Bits: (ParMarkBitMap*) 0x000000006594f860
 Begin Bits: [0x00000000129f0000, 0x0000000014978000)
 End Bits:   [0x0000000014978000, 0x0000000016900000)

Polling page: 0x0000000000850000

CodeCache: size=245760Kb used=12992Kb max_used=13006Kb free=232767Kb
 bounds [0x0000000002b80000, 0x0000000003850000, 0x0000000011b80000]
 total_blobs=4618 nmethods=3993 adapters=534
 compilation: selected

Compilation events (10 events):
Event: 170.052 Thread 0x00000000197a6000 4619       3       java.lang.invoke.MethodTypeForm::canonicalizeAll (66 bytes)
Event: 170.052 Thread 0x00000000197a6000 nmethod 4619 0x000000000383bd90 code [0x000000000383bf40, 0x000000000383c578]
Event: 170.052 Thread 0x00000000197a6000 4618       3       java.lang.invoke.MethodType::checkRtype (6 bytes)
Event: 170.052 Thread 0x00000000197a6000 nmethod 4618 0x000000000383c7d0 code [0x000000000383c940, 0x000000000383cbc8]
Event: 170.052 Thread 0x00000000197a6000 4620       3       java.lang.invoke.MemberName::getInvocationType (56 bytes)
Event: 170.053 Thread 0x00000000197a6000 nmethod 4620 0x000000000383ccd0 code [0x000000000383cec0, 0x000000000383dac8]
Event: 170.055 Thread 0x00000000197a6000 4621       3       java.util.TreeSet::add (22 bytes)
Event: 170.055 Thread 0x00000000197a6000 nmethod 4621 0x000000000383ddd0 code [0x000000000383df40, 0x000000000383e1c8]
Event: 170.055 Thread 0x00000000197a6000 4622       3       java.util.TreeMap::rotateLeft (96 bytes)
Event: 170.055 Thread 0x00000000197a6000 nmethod 4622 0x000000000383e290 code [0x000000000383e400, 0x000000000383e750]

GC Heap History (10 events):
Event: 98.008 GC heap before
{Heap before GC invocations=6 (full 1):
 PSYoungGen      total 71680K, used 66560K [0x00000000d5f80000, 0x00000000daa80000, 0x0000000100000000)
  eden space 66560K, 100% used [0x00000000d5f80000,0x00000000da080000,0x00000000da080000)
  from space 5120K, 0% used [0x00000000da580000,0x00000000da580000,0x00000000daa80000)
  to   space 5120K, 0% used [0x00000000da080000,0x00000000da080000,0x00000000da580000)
 ParOldGen       total 51712K, used 11234K [0x0000000081e00000, 0x0000000085080000, 0x00000000d5f80000)
  object space 51712K, 21% used [0x0000000081e00000,0x00000000828f8a18,0x0000000085080000)
 Metaspace       used 25709K, capacity 26000K, committed 26368K, reserved 1073152K
  class space    used 3175K, capacity 3267K, committed 3328K, reserved 1048576K
Event: 98.019 GC heap after
Heap after GC invocations=6 (full 1):
 PSYoungGen      total 71680K, used 5100K [0x00000000d5f80000, 0x00000000df000000, 0x0000000100000000)
  eden space 66560K, 0% used [0x00000000d5f80000,0x00000000d5f80000,0x00000000da080000)
  from space 5120K, 99% used [0x00000000da080000,0x00000000da57b2c0,0x00000000da580000)
  to   space 9728K, 0% used [0x00000000de680000,0x00000000de680000,0x00000000df000000)
 ParOldGen       total 51712K, used 13776K [0x0000000081e00000, 0x0000000085080000, 0x00000000d5f80000)
  object space 51712K, 26% used [0x0000000081e00000,0x0000000082b74350,0x0000000085080000)
 Metaspace       used 25709K, capacity 26000K, committed 26368K, reserved 1073152K
  class space    used 3175K, capacity 3267K, committed 3328K, reserved 1048576K
}
Event: 99.324 GC heap before
{Heap before GC invocations=7 (full 1):
 PSYoungGen      total 71680K, used 49294K [0x00000000d5f80000, 0x00000000df000000, 0x0000000100000000)
  eden space 66560K, 66% used [0x00000000d5f80000,0x00000000d8aa8730,0x00000000da080000)
  from space 5120K, 99% used [0x00000000da080000,0x00000000da57b2c0,0x00000000da580000)
  to   space 9728K, 0% used [0x00000000de680000,0x00000000de680000,0x00000000df000000)
 ParOldGen       total 51712K, used 13776K [0x0000000081e00000, 0x0000000085080000, 0x00000000d5f80000)
  object space 51712K, 26% used [0x0000000081e00000,0x0000000082b74350,0x0000000085080000)
 Metaspace       used 29893K, capacity 30172K, committed 30592K, reserved 1075200K
  class space    used 3786K, capacity 3845K, committed 3968K, reserved 1048576K
Event: 99.337 GC heap after
Heap after GC invocations=7 (full 1):
 PSYoungGen      total 136704K, used 9714K [0x00000000d5f80000, 0x00000000df300000, 0x0000000100000000)
  eden space 126976K, 0% used [0x00000000d5f80000,0x00000000d5f80000,0x00000000ddb80000)
  from space 9728K, 99% used [0x00000000de680000,0x00000000deffcb60,0x00000000df000000)
  to   space 11264K, 0% used [0x00000000ddb80000,0x00000000ddb80000,0x00000000de680000)
 ParOldGen       total 51712K, used 14260K [0x0000000081e00000, 0x0000000085080000, 0x00000000d5f80000)
  object space 51712K, 27% used [0x0000000081e00000,0x0000000082bed318,0x0000000085080000)
 Metaspace       used 29893K, capacity 30172K, committed 30592K, reserved 1075200K
  class space    used 3786K, capacity 3845K, committed 3968K, reserved 1048576K
}
Event: 99.337 GC heap before
{Heap before GC invocations=8 (full 2):
 PSYoungGen      total 136704K, used 9714K [0x00000000d5f80000, 0x00000000df300000, 0x0000000100000000)
  eden space 126976K, 0% used [0x00000000d5f80000,0x00000000d5f80000,0x00000000ddb80000)
  from space 9728K, 99% used [0x00000000de680000,0x00000000deffcb60,0x00000000df000000)
  to   space 11264K, 0% used [0x00000000ddb80000,0x00000000ddb80000,0x00000000de680000)
 ParOldGen       total 51712K, used 14260K [0x0000000081e00000, 0x0000000085080000, 0x00000000d5f80000)
  object space 51712K, 27% used [0x0000000081e00000,0x0000000082bed318,0x0000000085080000)
 Metaspace       used 29893K, capacity 30172K, committed 30592K, reserved 1075200K
  class space    used 3786K, capacity 3845K, committed 3968K, reserved 1048576K
Event: 99.447 GC heap after
Heap after GC invocations=8 (full 2):
 PSYoungGen      total 136704K, used 0K [0x00000000d5f80000, 0x00000000df300000, 0x0000000100000000)
  eden space 126976K, 0% used [0x00000000d5f80000,0x00000000d5f80000,0x00000000ddb80000)
  from space 9728K, 0% used [0x00000000de680000,0x00000000de680000,0x00000000df000000)
  to   space 11264K, 0% used [0x00000000ddb80000,0x00000000ddb80000,0x00000000de680000)
 ParOldGen       total 51712K, used 16805K [0x0000000081e00000, 0x0000000085080000, 0x00000000d5f80000)
  object space 51712K, 32% used [0x0000000081e00000,0x0000000082e69680,0x0000000085080000)
 Metaspace       used 29893K, capacity 30172K, committed 30592K, reserved 1075200K
  class space    used 3786K, capacity 3845K, committed 3968K, reserved 1048576K
}
Event: 115.977 GC heap before
{Heap before GC invocations=9 (full 2):
 PSYoungGen      total 136704K, used 12989K [0x00000000d5f80000, 0x00000000df300000, 0x0000000100000000)
  eden space 126976K, 10% used [0x00000000d5f80000,0x00000000d6c2f630,0x00000000ddb80000)
  from space 9728K, 0% used [0x00000000de680000,0x00000000de680000,0x00000000df000000)
  to   space 11264K, 0% used [0x00000000ddb80000,0x00000000ddb80000,0x00000000de680000)
 ParOldGen       total 51712K, used 16805K [0x0000000081e00000, 0x0000000085080000, 0x00000000d5f80000)
  object space 51712K, 32% used [0x0000000081e00000,0x0000000082e69680,0x0000000085080000)
 Metaspace       used 30047K, capacity 30370K, committed 30848K, reserved 1077248K
  class space    used 3786K, capacity 3846K, committed 3968K, reserved 1048576K
Event: 115.979 GC heap after
Heap after GC invocations=9 (full 2):
 PSYoungGen      total 138240K, used 1281K [0x00000000d5f80000, 0x00000000df500000, 0x0000000100000000)
  eden space 126976K, 0% used [0x00000000d5f80000,0x00000000d5f80000,0x00000000ddb80000)
  from space 11264K, 11% used [0x00000000ddb80000,0x00000000ddcc0698,0x00000000de680000)
  to   space 12288K, 0% used [0x00000000de900000,0x00000000de900000,0x00000000df500000)
 ParOldGen       total 51712K, used 16813K [0x0000000081e00000, 0x0000000085080000, 0x00000000d5f80000)
  object space 51712K, 32% used [0x0000000081e00000,0x0000000082e6b680,0x0000000085080000)
 Metaspace       used 30047K, capacity 30370K, committed 30848K, reserved 1077248K
  class space    used 3786K, capacity 3846K, committed 3968K, reserved 1048576K
}
Event: 115.979 GC heap before
{Heap before GC invocations=10 (full 3):
 PSYoungGen      total 138240K, used 1281K [0x00000000d5f80000, 0x00000000df500000, 0x0000000100000000)
  eden space 126976K, 0% used [0x00000000d5f80000,0x00000000d5f80000,0x00000000ddb80000)
  from space 11264K, 11% used [0x00000000ddb80000,0x00000000ddcc0698,0x00000000de680000)
  to   space 12288K, 0% used [0x00000000de900000,0x00000000de900000,0x00000000df500000)
 ParOldGen       total 51712K, used 16813K [0x0000000081e00000, 0x0000000085080000, 0x00000000d5f80000)
  object space 51712K, 32% used [0x0000000081e00000,0x0000000082e6b680,0x0000000085080000)
 Metaspace       used 30047K, capacity 30370K, committed 30848K, reserved 1077248K
  class space    used 3786K, capacity 3846K, committed 3968K, reserved 1048576K
Event: 116.071 GC heap after
Heap after GC invocations=10 (full 3):
 PSYoungGen      total 138240K, used 0K [0x00000000d5f80000, 0x00000000df500000, 0x0000000100000000)
  eden space 126976K, 0% used [0x00000000d5f80000,0x00000000d5f80000,0x00000000ddb80000)
  from space 11264K, 0% used [0x00000000ddb80000,0x00000000ddb80000,0x00000000de680000)
  to   space 12288K, 0% used [0x00000000de900000,0x00000000de900000,0x00000000df500000)
 ParOldGen       total 51712K, used 14900K [0x0000000081e00000, 0x0000000085080000, 0x00000000d5f80000)
  object space 51712K, 28% used [0x0000000081e00000,0x0000000082c8d2c0,0x0000000085080000)
 Metaspace       used 30047K, capacity 30370K, committed 30848K, reserved 1077248K
  class space    used 3786K, capacity 3846K, committed 3968K, reserved 1048576K
}

Deoptimization events (10 events):
Event: 166.598 Thread 0x000000001a42c000 Uncommon trap: reason=unstable_if action=reinterpret pc=0x0000000002d024cc method=java.util.HashMap.getNode(ILjava/lang/Object;)Ljava/util/HashMap$Node; @ 62
Event: 166.600 Thread 0x000000001a42c000 Uncommon trap: reason=unstable_if action=reinterpret pc=0x0000000003140ef4 method=java.util.LinkedHashMap.afterNodeInsertion(Z)V @ 1
Event: 166.603 Thread 0x000000001a42c000 Uncommon trap: reason=bimorphic action=maybe_recompile pc=0x0000000002f4abf8 method=java.util.HashMap.putVal(ILjava/lang/Object;Ljava/lang/Object;ZZ)Ljava/lang/Object; @ 203
Event: 166.603 Thread 0x000000001a42c000 Uncommon trap: reason=bimorphic action=maybe_recompile pc=0x0000000002f4abf8 method=java.util.HashMap.putVal(ILjava/lang/Object;Ljava/lang/Object;ZZ)Ljava/lang/Object; @ 203
Event: 168.924 Thread 0x000000001a42c000 Uncommon trap: reason=unstable_if action=reinterpret pc=0x0000000002fb98e8 method=java.util.LinkedList.indexOf(Ljava/lang/Object;)I @ 55
Event: 168.925 Thread 0x000000001a42c000 Uncommon trap: reason=unstable_if action=reinterpret pc=0x000000000347073c method=java.util.LinkedList.indexOf(Ljava/lang/Object;)I @ 55
Event: 170.040 Thread 0x000000001a42c000 Uncommon trap: reason=speculate_class_check action=maybe_recompile pc=0x00000000035f70f8 method=java.util.EnumMap.get(Ljava/lang/Object;)Ljava/lang/Object; @ 14
Event: 170.040 Thread 0x000000001a42c000 Uncommon trap: reason=speculate_class_check action=maybe_recompile pc=0x00000000035f70f8 method=java.util.EnumMap.get(Ljava/lang/Object;)Ljava/lang/Object; @ 14
Event: 170.040 Thread 0x000000001a42c000 Uncommon trap: reason=speculate_class_check action=maybe_recompile pc=0x00000000035f70f8 method=java.util.EnumMap.get(Ljava/lang/Object;)Ljava/lang/Object; @ 14
Event: 170.040 Thread 0x000000001a42c000 Uncommon trap: reason=speculate_class_check action=maybe_recompile pc=0x00000000035f70f8 method=java.util.EnumMap.get(Ljava/lang/Object;)Ljava/lang/Object; @ 14

Classes redefined (0 events):
No events

Internal exceptions (10 events):
Event: 99.106 Thread 0x000000001a42e000 Exception <a 'java/lang/ClassCastException': com.sun.org.apache.xerces.internal.util.SecurityManager cannot be cast to org.apache.xerces.util.SecurityManager> (0x00000000d83663c0) thrown at [C:\re\workspace\8-2-build-windows-amd64-cygwin\jdk8u161\10277\ho
Event: 99.107 Thread 0x000000001a42e000 Exception <a 'java/security/PrivilegedActionException'> (0x00000000d83794e0) thrown at [C:\re\workspace\8-2-build-windows-amd64-cygwin\jdk8u161\10277\hotspot\src\share\vm\prims\jvm.cpp, line 1390]
Event: 99.107 Thread 0x000000001a42e000 Exception <a 'java/security/PrivilegedActionException'> (0x00000000d83798d8) thrown at [C:\re\workspace\8-2-build-windows-amd64-cygwin\jdk8u161\10277\hotspot\src\share\vm\prims\jvm.cpp, line 1390]
Event: 99.108 Thread 0x000000001a42e000 Exception <a 'java/security/PrivilegedActionException'> (0x00000000d837b108) thrown at [C:\re\workspace\8-2-build-windows-amd64-cygwin\jdk8u161\10277\hotspot\src\share\vm\prims\jvm.cpp, line 1390]
Event: 99.108 Thread 0x000000001a42e000 Exception <a 'java/security/PrivilegedActionException'> (0x00000000d837b500) thrown at [C:\re\workspace\8-2-build-windows-amd64-cygwin\jdk8u161\10277\hotspot\src\share\vm\prims\jvm.cpp, line 1390]
Event: 99.110 Thread 0x000000001a42e000 Exception <a 'java/security/PrivilegedActionException'> (0x00000000d839f6f8) thrown at [C:\re\workspace\8-2-build-windows-amd64-cygwin\jdk8u161\10277\hotspot\src\share\vm\prims\jvm.cpp, line 1390]
Event: 99.110 Thread 0x000000001a42e000 Exception <a 'java/security/PrivilegedActionException'> (0x00000000d839faf0) thrown at [C:\re\workspace\8-2-build-windows-amd64-cygwin\jdk8u161\10277\hotspot\src\share\vm\prims\jvm.cpp, line 1390]
Event: 99.110 Thread 0x000000001a42e000 Exception <a 'java/security/PrivilegedActionException'> (0x00000000d83a12f8) thrown at [C:\re\workspace\8-2-build-windows-amd64-cygwin\jdk8u161\10277\hotspot\src\share\vm\prims\jvm.cpp, line 1390]
Event: 99.110 Thread 0x000000001a42e000 Exception <a 'java/security/PrivilegedActionException'> (0x00000000d83a16f0) thrown at [C:\re\workspace\8-2-build-windows-amd64-cygwin\jdk8u161\10277\hotspot\src\share\vm\prims\jvm.cpp, line 1390]
Event: 110.362 Thread 0x000000001ace1800 Implicit null exception at 0x00000000035122d2 to 0x0000000003517ed1

Events (10 events):
Event: 170.054 loading class java/util/stream/ReduceOps$Box done
Event: 170.054 loading class java/util/stream/ReduceOps$3ReducingSink done
Event: 170.054 loading class java/util/stream/IntPipeline$4$1
Event: 170.054 loading class java/util/stream/Sink$ChainedInt
Event: 170.054 loading class java/util/stream/Sink$ChainedInt done
Event: 170.054 loading class java/util/stream/IntPipeline$4$1 done
Event: 170.055 loading class org/janelia/it/jacs/shared/ffmpeg/Frame
Event: 170.055 loading class org/janelia/it/jacs/shared/ffmpeg/Frame done
Event: 170.059 loading class org/bytedeco/javacpp/swscale$SwsContext
Event: 170.059 loading class org/bytedeco/javacpp/swscale$SwsContext done


Dynamic libraries:
0x00007ff6306d0000 - 0x00007ff630707000 	C:\Program Files\Java\jdk1.8.0_161\bin\java.exe
0x00007ff8bb400000 - 0x00007ff8bb5e1000 	C:\WINDOWS\SYSTEM32\ntdll.dll
0x00007ff8b8f30000 - 0x00007ff8b8fe2000 	C:\WINDOWS\System32\KERNEL32.DLL
0x00007ff8b8610000 - 0x00007ff8b8883000 	C:\WINDOWS\System32\KERNELBASE.dll
0x00007ff8b90f0000 - 0x00007ff8b9191000 	C:\WINDOWS\System32\ADVAPI32.dll
0x00007ff8b8e30000 - 0x00007ff8b8ece000 	C:\WINDOWS\System32\msvcrt.dll
0x00007ff8b9090000 - 0x00007ff8b90eb000 	C:\WINDOWS\System32\sechost.dll
0x00007ff8b9a90000 - 0x00007ff8b9bb4000 	C:\WINDOWS\System32\RPCRT4.dll
0x00007ff8b9860000 - 0x00007ff8b99f0000 	C:\WINDOWS\System32\USER32.dll
0x00007ff8b77d0000 - 0x00007ff8b77f0000 	C:\WINDOWS\System32\win32u.dll
0x00007ff8bb240000 - 0x00007ff8bb268000 	C:\WINDOWS\System32\GDI32.dll
0x00007ff8b77f0000 - 0x00007ff8b7982000 	C:\WINDOWS\System32\gdi32full.dll
0x00007ff8b7be0000 - 0x00007ff8b7c7f000 	C:\WINDOWS\System32\msvcp_win.dll
0x00007ff8b8510000 - 0x00007ff8b860a000 	C:\WINDOWS\System32\ucrtbase.dll
0x00007ff8aa2b0000 - 0x00007ff8aa519000 	C:\WINDOWS\WinSxS\amd64_microsoft.windows.common-controls_6595b64144ccf1df_6.0.17134.407_none_fb449d63306391e9\COMCTL32.dll
0x00007ff8b9530000 - 0x00007ff8b9852000 	C:\WINDOWS\System32\combase.dll
0x00007ff8b7cd0000 - 0x00007ff8b7d4a000 	C:\WINDOWS\System32\bcryptPrimitives.dll
0x00007ff8b9060000 - 0x00007ff8b908d000 	C:\WINDOWS\System32\IMM32.DLL
0x00000000659d0000 - 0x0000000065aa2000 	C:\Program Files\Java\jdk1.8.0_161\jre\bin\msvcr100.dll
0x0000000065130000 - 0x00000000659cf000 	C:\Program Files\Java\jdk1.8.0_161\jre\bin\server\jvm.dll
0x00007ff8b8da0000 - 0x00007ff8b8da8000 	C:\WINDOWS\System32\PSAPI.DLL
0x00007ff8a5770000 - 0x00007ff8a5779000 	C:\WINDOWS\SYSTEM32\WSOCK32.dll
0x00007ff8b8ff0000 - 0x00007ff8b905c000 	C:\WINDOWS\System32\WS2_32.dll
0x00007ff8b3ce0000 - 0x00007ff8b3d03000 	C:\WINDOWS\SYSTEM32\WINMM.dll
0x00007ff8a9980000 - 0x00007ff8a998a000 	C:\WINDOWS\SYSTEM32\VERSION.dll
0x00007ff8b3bd0000 - 0x00007ff8b3bfa000 	C:\WINDOWS\SYSTEM32\WINMMBASE.dll
0x00007ff8b7c80000 - 0x00007ff8b7cc9000 	C:\WINDOWS\System32\cfgmgr32.dll
0x0000000065120000 - 0x000000006512f000 	C:\Program Files\Java\jdk1.8.0_161\jre\bin\verify.dll
0x00000000650f0000 - 0x0000000065119000 	C:\Program Files\Java\jdk1.8.0_161\jre\bin\java.dll
0x00000000650a0000 - 0x00000000650c3000 	C:\Program Files\Java\jdk1.8.0_161\jre\bin\instrument.dll
0x00000000650d0000 - 0x00000000650e6000 	C:\Program Files\Java\jdk1.8.0_161\jre\bin\zip.dll
0x00007ff8b9c20000 - 0x00007ff8bb05f000 	C:\WINDOWS\System32\SHELL32.dll
0x00007ff8b8cf0000 - 0x00007ff8b8d99000 	C:\WINDOWS\System32\shcore.dll
0x00007ff8b7d50000 - 0x00007ff8b845d000 	C:\WINDOWS\System32\windows.storage.dll
0x00007ff8b9bc0000 - 0x00007ff8b9c11000 	C:\WINDOWS\System32\shlwapi.dll
0x00007ff8b7760000 - 0x00007ff8b7771000 	C:\WINDOWS\System32\kernel.appcore.dll
0x00007ff8b7740000 - 0x00007ff8b775f000 	C:\WINDOWS\System32\profapi.dll
0x00007ff8b7780000 - 0x00007ff8b77cc000 	C:\WINDOWS\System32\powrprof.dll
0x00007ff8b7730000 - 0x00007ff8b773a000 	C:\WINDOWS\System32\FLTLIB.DLL
0x00007ff8adc60000 - 0x00007ff8adc7a000 	C:\Program Files\JetBrains\IntelliJ IDEA Community Edition 2018.1.5\bin\breakgen64.dll
0x0000000065080000 - 0x000000006509a000 	C:\Program Files\Java\jdk1.8.0_161\jre\bin\net.dll
0x00007ff8b6f90000 - 0x00007ff8b6ff6000 	C:\WINDOWS\system32\mswsock.dll
0x0000000064ec0000 - 0x0000000065058000 	C:\Program Files\Java\jdk1.8.0_161\jre\bin\awt.dll
0x00007ff8bb060000 - 0x00007ff8bb122000 	C:\WINDOWS\System32\OLEAUT32.dll
0x00007ff8b5a90000 - 0x00007ff8b5b1b000 	C:\WINDOWS\SYSTEM32\apphelp.dll
0x00007ff8b5bc0000 - 0x00007ff8b5c58000 	C:\WINDOWS\system32\uxtheme.dll
0x00007ff8b91a0000 - 0x00007ff8b9313000 	C:\WINDOWS\System32\MSCTF.dll
0x00007ff8b5ea0000 - 0x00007ff8b5ec9000 	C:\WINDOWS\system32\dwmapi.dll
0x00007ff8bb270000 - 0x00007ff8bb3c1000 	C:\WINDOWS\System32\ole32.dll
0x00007ff896a20000 - 0x00007ff896b40000 	C:\WINDOWS\system32\opengl32.dll
0x00007ff896950000 - 0x00007ff89697c000 	C:\WINDOWS\SYSTEM32\GLU32.dll
0x0000000064e70000 - 0x0000000064eb7000 	C:\Program Files\Java\jdk1.8.0_161\jre\bin\fontmanager.dll
0x0000000065060000 - 0x0000000065071000 	C:\Program Files\Java\jdk1.8.0_161\jre\bin\nio.dll
0x0000000064e20000 - 0x0000000064e62000 	C:\Program Files\Java\jdk1.8.0_161\jre\bin\t2k.dll
0x00007ff8ad430000 - 0x00007ff8ad4c6000 	C:\WINDOWS\System32\TextInputFramework.dll
0x00007ff8b2200000 - 0x00007ff8b251e000 	C:\WINDOWS\System32\CoreUIComponents.dll
0x00007ff8b5890000 - 0x00007ff8b596a000 	C:\WINDOWS\System32\CoreMessaging.dll
0x00007ff8b6800000 - 0x00007ff8b6831000 	C:\WINDOWS\SYSTEM32\ntmarta.dll
0x00007ff8b36a0000 - 0x00007ff8b37ed000 	C:\WINDOWS\SYSTEM32\wintypes.dll
0x00007ff8b99f0000 - 0x00007ff8b9a90000 	C:\WINDOWS\System32\clbcatq.dll
0x00007ff8b2790000 - 0x00007ff8b293e000 	C:\WINDOWS\SYSTEM32\WindowsCodecs.dll
0x00007ff897a10000 - 0x00007ff897a68000 	C:\WINDOWS\system32\dataexchange.dll
0x00007ff8b53b0000 - 0x00007ff8b554c000 	C:\WINDOWS\system32\dcomp.dll
0x00007ff8b4ad0000 - 0x00007ff8b4ddb000 	C:\WINDOWS\system32\d3d11.dll
0x00007ff8b64d0000 - 0x00007ff8b658b000 	C:\WINDOWS\system32\dxgi.dll
0x00007ff8b5fe0000 - 0x00007ff8b6198000 	C:\WINDOWS\system32\twinapi.appcore.dll
0x00007ff8b5f80000 - 0x00007ff8b5fa1000 	C:\WINDOWS\system32\RMCLIENT.dll
0x0000000064df0000 - 0x0000000064e1a000 	C:\Program Files\Java\jdk1.8.0_161\jre\bin\dcpr.dll
0x00007ff8bb150000 - 0x00007ff8bb23d000 	C:\WINDOWS\System32\COMDLG32.dll
0x00007ff8a3fd0000 - 0x00007ff8a4075000 	C:\Program Files\Common Files\microsoft shared\ink\tiptsf.dll
0x00007ff896710000 - 0x00007ff896754000 	C:\WINDOWS\SYSTEM32\edputil.dll
0x00007ff8b4200000 - 0x00007ff8b43b4000 	C:\WINDOWS\system32\propsys.dll
0x00007ff89b210000 - 0x00007ff89b2ea000 	C:\WINDOWS\SYSTEM32\ntshrui.dll
0x00007ff8b7610000 - 0x00007ff8b7640000 	C:\WINDOWS\SYSTEM32\SspiCli.dll
0x00007ff8a8e90000 - 0x00007ff8a8eb6000 	C:\WINDOWS\SYSTEM32\srvcli.dll
0x00007ff89aac0000 - 0x00007ff89aad2000 	C:\WINDOWS\SYSTEM32\cscapi.dll
0x00007ff8a7ab0000 - 0x00007ff8a7b5b000 	C:\WINDOWS\System32\StructuredQuery.dll
0x00007ff895450000 - 0x00007ff8954ac000 	C:\Windows\System32\thumbcache.dll
0x00007ff8b4170000 - 0x00007ff8b41ef000 	C:\WINDOWS\SYSTEM32\policymanager.dll
0x00007ff8b40d0000 - 0x00007ff8b4161000 	C:\WINDOWS\SYSTEM32\msvcp110_win.dll
0x00007ff8a7920000 - 0x00007ff8a7a51000 	C:\Windows\System32\Windows.StateRepositoryPS.dll
0x00007ff88e9e0000 - 0x00007ff88ea9d000 	C:\WINDOWS\system32\Windows.Storage.Search.dll
0x00007ff8975f0000 - 0x00007ff89760d000 	C:\WINDOWS\SYSTEM32\CLDAPI.dll
0x00007ff894400000 - 0x00007ff894562000 	C:\Users\steph\AppData\Local\Microsoft\OneDrive\18.192.0920.0015\amd64\FileSyncShell64.dll
0x00007ff8a9b10000 - 0x00007ff8a9b1b000 	C:\WINDOWS\SYSTEM32\ktmw32.dll
0x00007ff8a3780000 - 0x00007ff8a3bef000 	C:\WINDOWS\SYSTEM32\WININET.dll
0x00007ff8943c0000 - 0x00007ff8943f7000 	C:\Windows\System32\EhStorShell.dll
0x00007ff8b88a0000 - 0x00007ff8b8ceb000 	C:\WINDOWS\System32\SETUPAPI.dll
0x00007ff8942f0000 - 0x00007ff8943b8000 	C:\WINDOWS\System32\cscui.dll
0x00007ff894c90000 - 0x00007ff894c99000 	C:\WINDOWS\system32\IconCodecService.dll
0x00007ff89ef60000 - 0x00007ff89ef7a000 	C:\WINDOWS\SYSTEM32\MPR.dll
0x00007ff89efa0000 - 0x00007ff89efab000 	C:\WINDOWS\System32\drprov.dll
0x00007ff8b68a0000 - 0x00007ff8b68f6000 	C:\WINDOWS\System32\WINSTA.dll
0x00007ff89ef80000 - 0x00007ff89ef96000 	C:\WINDOWS\System32\ntlanman.dll
0x00007ff896f40000 - 0x00007ff896f5d000 	C:\WINDOWS\System32\davclnt.dll
0x00007ff896f30000 - 0x00007ff896f3c000 	C:\WINDOWS\System32\DAVHLPR.dll
0x00007ff8b3140000 - 0x00007ff8b3157000 	C:\WINDOWS\System32\wkscli.dll
0x00007ff8b7270000 - 0x00007ff8b7295000 	C:\WINDOWS\System32\bcrypt.dll
0x00007ff8b6e10000 - 0x00007ff8b6e1e000 	C:\WINDOWS\System32\netutils.dll
0x00007ff882b80000 - 0x00007ff882bca000 	C:\Windows\System32\dlnashext.dll
0x00007ff8a8680000 - 0x00007ff8a86e3000 	C:\Windows\System32\PlayToDevice.dll
0x00007ff8a7c00000 - 0x00007ff8a7c1e000 	C:\Windows\System32\DevDispItemProvider.dll
0x00007ff8aee30000 - 0x00007ff8aeea6000 	C:\WINDOWS\System32\MMDevApi.dll
0x00007ff8b7520000 - 0x00007ff8b7547000 	C:\WINDOWS\System32\DEVOBJ.dll
0x00007ff8b2ab0000 - 0x00007ff8b2b4c000 	C:\Windows\System32\PortableDeviceApi.dll
0x00007ff8b7990000 - 0x00007ff8b79e7000 	C:\WINDOWS\System32\WINTRUST.dll
0x00007ff8b7710000 - 0x00007ff8b7722000 	C:\WINDOWS\System32\MSASN1.dll
0x00007ff8b79f0000 - 0x00007ff8b7bd2000 	C:\WINDOWS\System32\CRYPT32.dll
0x00007ff89ff20000 - 0x00007ff89ff50000 	C:\Windows\System32\PortableDeviceTypes.dll
0x00007ff8a8140000 - 0x00007ff8a8165000 	C:\Windows\System32\EhStorAPI.dll
0x00007ff8b3590000 - 0x00007ff8b35a3000 	C:\Windows\System32\WTSAPI32.dll
0x00007ff8ab830000 - 0x00007ff8ab9f8000 	C:\WINDOWS\SYSTEM32\urlmon.dll
0x00007ff8ac0d0000 - 0x00007ff8ac375000 	C:\WINDOWS\SYSTEM32\iertutil.dll
0x00007ff8b7160000 - 0x00007ff8b716b000 	C:\WINDOWS\SYSTEM32\CRYPTBASE.DLL
0x00007ff8b0600000 - 0x00007ff8b0c9b000 	C:\Windows\System32\OneCoreUAPCommonProxyStub.dll
0x00007ff873fd0000 - 0x00007ff874077000 	C:\WINDOWS\WinSxS\amd64_microsoft.windows.common-controls_6595b64144ccf1df_5.82.17134.407_none_f94e16e330999300\comctl32.dll
0x00007ff896f60000 - 0x00007ff897087000 	C:\WINDOWS\system32\NetworkExplorer.dll
0x00007ff8a11c0000 - 0x00007ff8a13a1000 	C:\WINDOWS\system32\wpdshext.dll
0x00007ff8aa040000 - 0x00007ff8aa1da000 	C:\WINDOWS\WinSxS\amd64_microsoft.windows.gdiplus_6595b64144ccf1df_1.1.17134.407_none_2c2f90488af60bb7\gdiplus.dll
0x00007ff8a2cc0000 - 0x00007ff8a2ccc000 	C:\WINDOWS\SYSTEM32\Secur32.dll
0x00007ff8ad780000 - 0x00007ff8ad89f000 	C:\Windows\System32\MrmCoreR.dll
0x00007ff8ad360000 - 0x00007ff8ad389000 	C:\Windows\System32\bcp47mrm.dll
0x00007ff8ad590000 - 0x00007ff8ad6a4000 	C:\Windows\System32\Windows.UI.dll
0x00007ff8ad3b0000 - 0x00007ff8ad429000 	C:\Windows\System32\InputHost.dll
0x00007ff8b7140000 - 0x00007ff8b7157000 	C:\WINDOWS\SYSTEM32\CRYPTSP.dll
0x00007ff8b6b70000 - 0x00007ff8b6ba3000 	C:\WINDOWS\system32\rsaenh.dll
0x00007ff8b7640000 - 0x00007ff8b7668000 	C:\WINDOWS\SYSTEM32\USERENV.dll
0x00007ff8b6d10000 - 0x00007ff8b6d48000 	C:\WINDOWS\SYSTEM32\IPHLPAPI.DLL

VM Arguments:
jvm_args: -javaagent:C:\Program Files\JetBrains\IntelliJ IDEA Community Edition 2018.1.5\lib\idea_rt.jar=49822:C:\Program Files\JetBrains\IntelliJ IDEA Community Edition 2018.1.5\bin -Dfile.encoding=UTF-8 
java_command: wbif.sjx.ModularImageAnalysis.MIA
java_class_path (initial): C:\Program Files\Java\jdk1.8.0_161\jre\lib\charsets.jar;C:\Program Files\Java\jdk1.8.0_161\jre\lib\deploy.jar;C:\Program Files\Java\jdk1.8.0_161\jre\lib\ext\access-bridge-64.jar;C:\Program Files\Java\jdk1.8.0_161\jre\lib\ext\cldrdata.jar;C:\Program Files\Java\jdk1.8.0_161\jre\lib\ext\dnsns.jar;C:\Program Files\Java\jdk1.8.0_161\jre\lib\ext\jaccess.jar;C:\Program Files\Java\jdk1.8.0_161\jre\lib\ext\jfxrt.jar;C:\Program Files\Java\jdk1.8.0_161\jre\lib\ext\localedata.jar;C:\Program Files\Java\jdk1.8.0_161\jre\lib\ext\nashorn.jar;C:\Program Files\Java\jdk1.8.0_161\jre\lib\ext\sunec.jar;C:\Program Files\Java\jdk1.8.0_161\jre\lib\ext\sunjce_provider.jar;C:\Program Files\Java\jdk1.8.0_161\jre\lib\ext\sunmscapi.jar;C:\Program Files\Java\jdk1.8.0_161\jre\lib\ext\sunpkcs11.jar;C:\Program Files\Java\jdk1.8.0_161\jre\lib\ext\zipfs.jar;C:\Program Files\Java\jdk1.8.0_161\jre\lib\javaws.jar;C:\Program Files\Java\jdk1.8.0_161\jre\lib\jce.jar;C:\Program Files\Java\jdk1.8.0_161\jre\lib\jfr.jar;C:\Program Files\Java\jdk1.8.0_161\jre\lib\jfxswt.jar;C:\Program Files\Java\jdk1.8.0_161\jre\lib\jsse.jar;C:\Program Files\Java\jdk1.8.0_161\jre\lib\management-agent.jar;C:\Program Files\Java\jdk1.8.0_161\jre\lib\plugin.jar;C:\Program Files\Java\jdk1.8.0_161\jre\lib\resources.jar;C:\Program Files\Java\jdk1.8.0_161\jre\lib\rt.jar;C:\Users\steph\Documents\Java Projects\ModularImageAnalysis\target\classes;C:\Users\steph\.m2\repository\org\apache\maven\plugins\maven-project-info-reports-plugin\2.9\maven-project-info-reports-plugin-2.9.jar;C:\Users\steph\.m2\repository\org\apache\maven\reporting\maven-reporting-api\3.0\maven-reporting-api-3.0.jar;C:\Users\steph\.m2\repository\org\apache\maven\reporting\maven-reporting-impl\2.3\maven-reporting-impl-2.3.jar;C:\Users\steph\.m2\repository\org\apache\maven\shared\maven-shared-utils\0.6\maven-shared-utils-0.6.jar;C:\Users\steph\.m2\repository\com\google\code\findbugs\jsr305\2.0.1\jsr305-2.0.1.jar;C:\Users\steph\.m2\repository\
Launcher Type: SUN_STANDARD

Environment Variables:
PATH=C:\ProgramData\Oracle\Java\javapath;C:\Windows\system32;C:\Windows;C:\Windows\System32\Wbem;C:\Windows\System32\WindowsPowerShell\v1.0\;C:\Program Files\Git\cmd;C:\Users\steph\AppData\Local\Microsoft\WindowsApps;C:\adb;C:\Program Files\MATLAB\R2016a\runtime\win64;C:\Program Files\MATLAB\R2016a\bin;C:\Program Files\MATLAB\R2016a\polyspace\bin;%SystemRoot%\system32;%SystemRoot%;%SystemRoot%\System32\Wbem;%SYSTEMROOT%\System32\WindowsPowerShell\v1.0\;%SYSTEMROOT%\System32\OpenSSH\;C:\Users\steph\AppData\Local\Microsoft\WindowsApps;
USERNAME=steph
OS=Windows_NT
PROCESSOR_IDENTIFIER=Intel64 Family 6 Model 61 Stepping 4, GenuineIntel



---------------  S Y S T E M  ---------------

OS: Windows 10.0 , 64 bit Build 17134 (10.0.17134.1)

CPU:total 4 (initial active 4) (2 cores per cpu, 2 threads per core) family 6 model 61 stepping 4, cmov, cx8, fxsr, mmx, sse, sse2, sse3, ssse3, sse4.1, sse4.2, popcnt, avx, avx2, aes, clmul, erms, rtm, 3dnowpref, lzcnt, ht, tsc, tscinvbit, bmi1, bmi2, adx

Memory: 4k page, physical 8257760k(4412508k free), swap 11010272k(3586196k free)

vm_info: Java HotSpot(TM) 64-Bit Server VM (25.161-b12) for windows-amd64 JRE (1.8.0_161-b12), built on Dec 19 2017 17:52:25 by "java_re" with MS VC++ 10.0 (VS2010)

time: Thu Nov 22 18:35:08 2018
elapsed time: 170 seconds (0d 0h 2m 50s)

